

> @elizaos/plugin-node@0.1.8-alpha.1 build /Users/macbook/Documents/chipipay/frame-DonJaimito-main/packages/plugin-node
> tsup --format esm --dts

[34mCLI[39m Building entry: src/index.ts
[34mCLI[39m Using tsconfig: tsconfig.json
[34mCLI[39m tsup v8.3.5
[34mCLI[39m Using tsup config: /Users/macbook/Documents/chipipay/frame-DonJaimito-main/packages/plugin-node/tsup.config.ts
[34mCLI[39m Target: esnext
[34mCLI[39m Cleaning output folder
[34mESM[39m Build start
[32mESM[39m [1mdist/wrapper-ASOBW5EP.js           [22m[32m130.09 KB[39m
[32mESM[39m [1mdist/chunk-PLDDJCW6.js             [22m[32m2.10 KB[39m
[32mESM[39m [1mdist/node-ponyfill-KWL5YYVU.js     [22m[32m183.00 B[39m
[32mESM[39m [1mdist/index.js                      [22m[32m397.51 KB[39m
[32mESM[39m [1mdist/chunk-GJR6AK5I.js             [22m[32m581.59 KB[39m
[32mESM[39m [1mdist/node-ponyfill-KWL5YYVU.js.map [22m[32m71.00 B[39m
[32mESM[39m [1mdist/wrapper-ASOBW5EP.js.map       [22m[32m209.86 KB[39m
[32mESM[39m [1mdist/chunk-PLDDJCW6.js.map         [22m[32m71.00 B[39m
[32mESM[39m [1mdist/index.js.map                  [22m[32m1.05 MB[39m
[32mESM[39m [1mdist/chunk-GJR6AK5I.js.map         [22m[32m378.39 KB[39m
[32mESM[39m ⚡️ Build success in 651ms
DTS Build start
DTS ⚡️ Build success in 23505ms
DTS dist/index.d.ts 8.14 KB
